<?xml version="1.0" encoding="UTF-8"?>
<robot generator="Robot 7.2 (Python 3.12.6 on win32)" generated="2025-02-11T10:02:31.333483" rpa="false" schemaversion="5">
<suite id="s1" name="SearchProduct" source="d:\SE2-2\test\RobotTest\SearchProduct.robot">
<kw name="Open Browser" owner="SeleniumLibrary" type="SETUP">
<msg time="2025-02-11T10:02:32.237028" level="INFO">Opening browser 'Chrome' to base url 'https://automationexercise.com/products'.</msg>
<arg>https://automationexercise.com/products</arg>
<arg>Chrome</arg>
<doc>Opens a new browser instance to the optional ``url``.</doc>
<status status="PASS" start="2025-02-11T10:02:32.237028" elapsed="6.822705"/>
</kw>
<test id="s1-t1" name="Search and Verify Product" line="20">
<kw name="Input Search Product">
<kw name="Input Text" owner="SeleniumLibrary">
<msg time="2025-02-11T10:02:39.090836" level="INFO">Typing text 'Frozen' into text field '//*[@id="search_product"]'.</msg>
<arg>//*[@id="search_product"]</arg>
<arg>${SEARCH_TEXT}</arg>
<doc>Types the given ``text`` into the text field identified by ``locator``.</doc>
<status status="PASS" start="2025-02-11T10:02:39.063735" elapsed="0.295404"/>
</kw>
<kw name="Click Button" owner="SeleniumLibrary">
<msg time="2025-02-11T10:02:39.361149" level="INFO">Clicking button '//*[@id="submit_search"]'.</msg>
<arg>//*[@id="submit_search"]</arg>
<doc>Clicks the button identified by ``locator``.</doc>
<status status="PASS" start="2025-02-11T10:02:39.360144" elapsed="1.100689"/>
</kw>
<arg>${SEARCH_TEXT}</arg>
<status status="PASS" start="2025-02-11T10:02:39.062733" elapsed="1.399085"/>
</kw>
<kw name="Verify Search Result">
<kw name="Wait Until Element Is Visible" owner="SeleniumLibrary">
<arg>//div[@class="features_items"]</arg>
<arg>timeout=5s</arg>
<doc>Waits until the element ``locator`` is visible.</doc>
<status status="PASS" start="2025-02-11T10:02:40.464827" elapsed="0.058532"/>
</kw>
<kw name="Page Should Contain" owner="SeleniumLibrary">
<msg time="2025-02-11T10:02:40.565396" level="INFO">Current page contains text 'Frozen'.</msg>
<arg>${SEARCH_TEXT}</arg>
<doc>Verifies that current page contains ``text``.</doc>
<status status="PASS" start="2025-02-11T10:02:40.524366" elapsed="0.042012"/>
</kw>
<status status="PASS" start="2025-02-11T10:02:40.463826" elapsed="0.102552"/>
</kw>
<status status="PASS" start="2025-02-11T10:02:39.060730" elapsed="1.507647"/>
</test>
<kw name="Close Browser" owner="SeleniumLibrary" type="TEARDOWN">
<doc>Closes the current browser.</doc>
<status status="PASS" start="2025-02-11T10:02:40.571369" elapsed="2.438073"/>
</kw>
<status status="PASS" start="2025-02-11T10:02:31.349482" elapsed="11.660956"/>
</suite>
<statistics>
<total>
<stat pass="1" fail="0" skip="0">All Tests</stat>
</total>
<tag>
</tag>
<suite>
<stat name="SearchProduct" id="s1" pass="1" fail="0" skip="0">SearchProduct</stat>
</suite>
</statistics>
<errors>
</errors>
</robot>
